{
  "RSpec": {
    "coverage": {
      "/Users/chrishewitt/Turing/3mod/stoke-finder/app/models/adventure.rb": {
        "lines": [
          1,
          1,
          null,
          null,
          null,
          null,
          null,
          null,
          1,
          1,
          null
        ]
      },
      "/Users/chrishewitt/Turing/3mod/stoke-finder/app/models/application_record.rb": {
        "lines": [
          1,
          1,
          null
        ]
      },
      "/Users/chrishewitt/Turing/3mod/stoke-finder/app/models/user_adventure.rb": {
        "lines": [
          1,
          1,
          1,
          null
        ]
      },
      "/Users/chrishewitt/Turing/3mod/stoke-finder/app/models/user.rb": {
        "lines": [
          1,
          1,
          1,
          1,
          null,
          1,
          null,
          1,
          null,
          null,
          1,
          null,
          null,
          null,
          1,
          null,
          1,
          null,
          1,
          null,
          1,
          null,
          1,
          null,
          1,
          null,
          1,
          null,
          null,
          1,
          null,
          1,
          6,
          6,
          6,
          6,
          null,
          null
        ]
      },
      "/Users/chrishewitt/Turing/3mod/stoke-finder/app/controllers/api/v1/adventures_controller.rb": {
        "lines": [
          1,
          null,
          1,
          1,
          1,
          null,
          null,
          1,
          3,
          3,
          3,
          2,
          2,
          null,
          1,
          null,
          null,
          null,
          1,
          1,
          1,
          1,
          1,
          1,
          null,
          0,
          null,
          null,
          null,
          1,
          1,
          1,
          null,
          null,
          1,
          1,
          4,
          0,
          4,
          1,
          null,
          4,
          4,
          null,
          null,
          null,
          null,
          null,
          null,
          null,
          null
        ]
      },
      "/Users/chrishewitt/Turing/3mod/stoke-finder/app/controllers/application_controller.rb": {
        "lines": [
          1,
          1,
          null
        ]
      },
      "/Users/chrishewitt/Turing/3mod/stoke-finder/app/controllers/concerns/response.rb": {
        "lines": [
          1,
          1,
          8,
          null,
          null
        ]
      },
      "/Users/chrishewitt/Turing/3mod/stoke-finder/app/serializers/adventure_serializer.rb": {
        "lines": [
          1,
          1,
          1,
          1,
          1,
          null,
          null,
          null,
          null,
          null,
          null
        ]
      },
      "/Users/chrishewitt/Turing/3mod/stoke-finder/app/controllers/api/v1/sessions_controller.rb": {
        "lines": [
          1,
          null,
          1,
          2,
          2,
          2,
          1,
          1,
          1,
          1,
          null,
          null,
          null,
          1,
          2,
          2,
          2,
          1,
          null,
          1,
          null,
          null,
          null
        ]
      },
      "/Users/chrishewitt/Turing/3mod/stoke-finder/app/serializers/user_serializer.rb": {
        "lines": [
          1,
          1,
          null,
          1,
          null,
          null,
          null,
          null,
          null,
          null,
          null,
          null,
          null,
          null
        ]
      },
      "/Users/chrishewitt/Turing/3mod/stoke-finder/app/controllers/api/v1/users_controller.rb": {
        "lines": [
          1,
          null,
          1,
          1,
          1,
          1,
          null,
          null,
          1,
          4,
          4,
          4,
          2,
          2,
          2,
          null,
          2,
          null,
          null,
          null,
          1,
          5,
          5,
          5,
          2,
          3,
          1,
          1,
          null,
          2,
          null,
          null,
          null,
          1,
          1,
          1,
          null,
          null,
          1,
          1,
          4,
          2,
          null,
          4,
          null,
          null,
          1,
          0,
          null,
          null
        ]
      },
      "/Users/chrishewitt/Turing/3mod/stoke-finder/app/controllers/welcome_controller.rb": {
        "lines": [
          1,
          1,
          null,
          null
        ]
      },
      "/Users/chrishewitt/Turing/3mod/stoke-finder/app/mailers/application_mailer.rb": {
        "lines": [
          0,
          0,
          0,
          0
        ],
        "branches": {
        }
      },
      "/Users/chrishewitt/Turing/3mod/stoke-finder/app/jobs/application_job.rb": {
        "lines": [
          0,
          0
        ],
        "branches": {
        }
      },
      "/Users/chrishewitt/Turing/3mod/stoke-finder/app/channels/application_cable/connection.rb": {
        "lines": [
          0,
          0,
          0,
          0
        ],
        "branches": {
        }
      },
      "/Users/chrishewitt/Turing/3mod/stoke-finder/app/channels/application_cable/channel.rb": {
        "lines": [
          0,
          0,
          0,
          0
        ],
        "branches": {
        }
      }
    },
    "timestamp": 1646353171
  }
}
